\BOOKMARK [0][-]{chapter.3}{Introduction}{}% 1
\BOOKMARK [1][-]{section.4}{Motivation}{chapter.3}% 2
\BOOKMARK [1][-]{section.7}{Project Definition}{chapter.3}% 3
\BOOKMARK [1][-]{section.10}{Structure of the report}{chapter.3}% 4
\BOOKMARK [0][-]{chapter.12}{Background}{}% 5
\BOOKMARK [1][-]{section.13}{Reinforcement learning}{chapter.12}% 6
\BOOKMARK [1][-]{section.49}{Neural networks}{chapter.12}% 7
\BOOKMARK [1][-]{section.50}{Q-learning and Deep Q-learning}{chapter.12}% 8
\BOOKMARK [1][-]{section.60}{Problem of large state-spaces}{chapter.12}% 9
\BOOKMARK [0][-]{chapter.66}{State-Decomposition method}{}% 10
\BOOKMARK [1][-]{section.68}{Originally proposed method}{chapter.66}% 11
\BOOKMARK [1][-]{section.80}{Decomposing state trans. matrix, when this is known}{chapter.66}% 12
\BOOKMARK [0][-]{chapter.87}{Design and testing}{}% 13
\BOOKMARK [1][-]{section.89}{Tools}{chapter.87}% 14
\BOOKMARK [1][-]{section.96}{Environments}{chapter.87}% 15
\BOOKMARK [1][-]{section.118}{Benchmark DQN agent}{chapter.87}% 16
\BOOKMARK [1][-]{section.126}{Ensuring fair comparison}{chapter.87}% 17
\BOOKMARK [0][-]{chapter.127}{Results}{}% 18
\BOOKMARK [1][-]{section.128}{Evaluation method}{chapter.127}% 19
\BOOKMARK [1][-]{section.132}{Effect of state representations}{chapter.127}% 20
\BOOKMARK [1][-]{section.140}{Effect of the NN's size}{chapter.127}% 21
\BOOKMARK [1][-]{section.142}{Initial results}{chapter.127}% 22
\BOOKMARK [1][-]{section.144}{A simple approach to decomposition: 'DeltaSwitch'}{chapter.127}% 23
\BOOKMARK [2][-]{subsection.157}{Applying 'DeltaSwitch' to non-prefectly decomposable environment}{section.144}% 24
\BOOKMARK [2][-]{subsection.162}{Effect of using reduced encoding}{section.144}% 25
\BOOKMARK [2][-]{subsection.166}{Effect of wall}{section.144}% 26
\BOOKMARK [1][-]{section.171}{A different approach based on transfer learning}{chapter.127}% 27
\BOOKMARK [1][-]{section.191}{Techniques to learn the 'switch'}{chapter.127}% 28
\BOOKMARK [0][-]{chapter.199}{Applicability of the proposed technique}{}% 29
\BOOKMARK [0][-]{chapter.209}{Conclusions and Further Work}{}% 30
\BOOKMARK [1][-]{section.210}{Findings}{chapter.209}% 31
\BOOKMARK [1][-]{section.215}{Discussion}{chapter.209}% 32
\BOOKMARK [1][-]{section.222}{Extensions}{chapter.209}% 33
\BOOKMARK [0][-]{appendix.232}{Performance graphs}{}% 34
\BOOKMARK [0][-]{appendix.234}{Code}{}% 35
